# JRE version: OpenJDK Runtime Environment Corretto-21.0.2.13.1 (21.0.2+13) (build 21.0.2+13-LTS)
# Java VM: OpenJDK 64-Bit Server VM Corretto-21.0.2.13.1 (21.0.2+13-LTS, mixed mode, sharing, tiered, compressed oops, compressed class ptrs, g1 gc, bsd-aarch64)
Heap:
 garbage-first heap   total 55296K, used 35640K [0x0000000700000000, 0x0000000800000000)
  region size 2048K, 16 young (32768K), 5 survivors (10240K)
 Metaspace       used 24901K, committed 25216K, reserved 1114112K
  class space    used 3593K, committed 3776K, reserved 1048576K
GC Heap History (6 events):
Event: 5.349 GC heap before
{Heap before GC invocations=0 (full 0):
 garbage-first heap   total 264192K, used 21516K [0x0000000700000000, 0x0000000800000000)
  region size 2048K, 11 young (22528K), 0 survivors (0K)
 Metaspace       used 6436K, committed 6656K, reserved 1114112K
  class space    used 734K, committed 832K, reserved 1048576K
}
Event: 5.351 GC heap after
{Heap after GC invocations=1 (full 0):
 garbage-first heap   total 264192K, used 4343K [0x0000000700000000, 0x0000000800000000)
  region size 2048K, 2 young (4096K), 2 survivors (4096K)
 Metaspace       used 6436K, committed 6656K, reserved 1114112K
  class space    used 734K, committed 832K, reserved 1048576K
}
Event: 5.741 GC heap before
{Heap before GC invocations=1 (full 0):
 garbage-first heap   total 264192K, used 51447K [0x0000000700000000, 0x0000000800000000)
  region size 2048K, 26 young (53248K), 2 survivors (4096K)
 Metaspace       used 15826K, committed 16128K, reserved 1114112K
  class space    used 2578K, committed 2688K, reserved 1048576K
}
Event: 5.744 GC heap after
{Heap after GC invocations=2 (full 0):
 garbage-first heap   total 264192K, used 9084K [0x0000000700000000, 0x0000000800000000)
  region size 2048K, 4 young (8192K), 4 survivors (8192K)
 Metaspace       used 15826K, committed 16128K, reserved 1114112K
  class space    used 2578K, committed 2688K, reserved 1048576K
}
Event: 12.449 GC heap before
{Heap before GC invocations=2 (full 0):
 garbage-first heap   total 264192K, used 29564K [0x0000000700000000, 0x0000000800000000)
  region size 2048K, 14 young (28672K), 4 survivors (8192K)
 Metaspace       used 21196K, committed 21504K, reserved 1114112K
  class space    used 3207K, committed 3392K, reserved 1048576K
}
Event: 12.453 GC heap after
{Heap after GC invocations=3 (full 0):
 garbage-first heap   total 264192K, used 13112K [0x0000000700000000, 0x0000000800000000)
  region size 2048K, 5 young (10240K), 5 survivors (10240K)
 Metaspace       used 21196K, committed 21504K, reserved 1114112K
  class space    used 3207K, committed 3392K, reserved 1048576K
}

